2016-11-21 00:06:42,355 [Thread-2:20856] [django.request:124] [exception:handle_uncaught_exception] [ERROR]- Internal Server Error: /
Traceback (most recent call last):
  File "B:\code\fullstack\blog_system\blog_project_1\lib\site-packages\django\core\handlers\exception.py", line 39, in inner
    response = get_response(request)
  File "B:\code\fullstack\blog_system\blog_project_1\lib\site-packages\django\core\handlers\base.py", line 187, in _get_response
    response = self.process_exception_by_middleware(e, request)
  File "B:\code\fullstack\blog_system\blog_project_1\lib\site-packages\django\core\handlers\base.py", line 185, in _get_response
    response = wrapped_callback(request, *callback_args, **callback_kwargs)
  File "C:\Users\xxf\PycharmProjects\blog_project\blog\views.py", line 8, in index
    return render_to_response('index.html',{'posts':Blogpost.objects.all()[:5]})
  File "B:\code\fullstack\blog_system\blog_project_1\lib\site-packages\django\shortcuts.py", line 21, in render_to_response
    content = loader.render_to_string(template_name, context, using=using)
  File "B:\code\fullstack\blog_system\blog_project_1\lib\site-packages\django\template\loader.py", line 68, in render_to_string
    return template.render(context, request)
  File "B:\code\fullstack\blog_system\blog_project_1\lib\site-packages\django\template\backends\django.py", line 66, in render
    return self.template.render(context)
  File "B:\code\fullstack\blog_system\blog_project_1\lib\site-packages\django\template\base.py", line 208, in render
    return self._render(context)
  File "B:\code\fullstack\blog_system\blog_project_1\lib\site-packages\django\template\base.py", line 199, in _render
    return self.nodelist.render(context)
  File "B:\code\fullstack\blog_system\blog_project_1\lib\site-packages\django\template\base.py", line 994, in render
    bit = node.render_annotated(context)
  File "B:\code\fullstack\blog_system\blog_project_1\lib\site-packages\django\template\base.py", line 961, in render_annotated
    return self.render(context)
  File "B:\code\fullstack\blog_system\blog_project_1\lib\site-packages\django\template\loader_tags.py", line 174, in render
    return compiled_parent._render(context)
  File "B:\code\fullstack\blog_system\blog_project_1\lib\site-packages\django\template\base.py", line 199, in _render
    return self.nodelist.render(context)
  File "B:\code\fullstack\blog_system\blog_project_1\lib\site-packages\django\template\base.py", line 994, in render
    bit = node.render_annotated(context)
  File "B:\code\fullstack\blog_system\blog_project_1\lib\site-packages\django\template\base.py", line 961, in render_annotated
    return self.render(context)
  File "B:\code\fullstack\blog_system\blog_project_1\lib\site-packages\django\template\loader_tags.py", line 70, in render
    result = block.nodelist.render(context)
  File "B:\code\fullstack\blog_system\blog_project_1\lib\site-packages\django\template\base.py", line 994, in render
    bit = node.render_annotated(context)
  File "B:\code\fullstack\blog_system\blog_project_1\lib\site-packages\django\template\base.py", line 961, in render_annotated
    return self.render(context)
  File "B:\code\fullstack\blog_system\blog_project_1\lib\site-packages\django\template\defaulttags.py", line 209, in render
    nodelist.append(node.render_annotated(context))
  File "B:\code\fullstack\blog_system\blog_project_1\lib\site-packages\django\template\base.py", line 961, in render_annotated
    return self.render(context)
  File "B:\code\fullstack\blog_system\blog_project_1\lib\site-packages\django\template\base.py", line 1044, in render
    output = self.filter_expression.resolve(context)
  File "B:\code\fullstack\blog_system\blog_project_1\lib\site-packages\django\template\base.py", line 711, in resolve
    obj = self.var.resolve(context)
  File "B:\code\fullstack\blog_system\blog_project_1\lib\site-packages\django\template\base.py", line 852, in resolve
    value = self._resolve_lookup(context)
  File "B:\code\fullstack\blog_system\blog_project_1\lib\site-packages\django\template\base.py", line 915, in _resolve_lookup
    current = current()
  File "B:\code\fullstack\blog_system\blog_project_1\lib\site-packages\django\db\models\__init__.py", line 44, in inner
    return reverse(bits[0], None, *bits[1:3])
  File "B:\code\fullstack\blog_system\blog_project_1\lib\site-packages\django\urls\base.py", line 91, in reverse
    return force_text(iri_to_uri(resolver._reverse_with_prefix(view, prefix, *args, **kwargs)))
  File "B:\code\fullstack\blog_system\blog_project_1\lib\site-packages\django\urls\resolvers.py", line 392, in _reverse_with_prefix
    (lookup_view_s, args, kwargs, len(patterns), patterns)
NoReverseMatch: Reverse for 'view_blog_post' with arguments '()' and keyword arguments '{u'slug': u'word'}' not found. 0 pattern(s) tried: []
2016-11-21 09:21:04,878 [Thread-2:19980] [django.request:124] [exception:handle_uncaught_exception] [ERROR]- Internal Server Error: /
Traceback (most recent call last):
  File "B:\code\fullstack\blog_system\blog_project_1\lib\site-packages\django\core\handlers\exception.py", line 39, in inner
    response = get_response(request)
  File "B:\code\fullstack\blog_system\blog_project_1\lib\site-packages\django\core\handlers\base.py", line 187, in _get_response
    response = self.process_exception_by_middleware(e, request)
  File "B:\code\fullstack\blog_system\blog_project_1\lib\site-packages\django\core\handlers\base.py", line 185, in _get_response
    response = wrapped_callback(request, *callback_args, **callback_kwargs)
  File "C:\Users\xxf\PycharmProjects\blog_project\blog\views.py", line 8, in index
    return render_to_response('index.html',{'posts':Blogpost.objects.all()[:5]})
  File "B:\code\fullstack\blog_system\blog_project_1\lib\site-packages\django\shortcuts.py", line 21, in render_to_response
    content = loader.render_to_string(template_name, context, using=using)
  File "B:\code\fullstack\blog_system\blog_project_1\lib\site-packages\django\template\loader.py", line 68, in render_to_string
    return template.render(context, request)
  File "B:\code\fullstack\blog_system\blog_project_1\lib\site-packages\django\template\backends\django.py", line 66, in render
    return self.template.render(context)
  File "B:\code\fullstack\blog_system\blog_project_1\lib\site-packages\django\template\base.py", line 208, in render
    return self._render(context)
  File "B:\code\fullstack\blog_system\blog_project_1\lib\site-packages\django\template\base.py", line 199, in _render
    return self.nodelist.render(context)
  File "B:\code\fullstack\blog_system\blog_project_1\lib\site-packages\django\template\base.py", line 994, in render
    bit = node.render_annotated(context)
  File "B:\code\fullstack\blog_system\blog_project_1\lib\site-packages\django\template\base.py", line 961, in render_annotated
    return self.render(context)
  File "B:\code\fullstack\blog_system\blog_project_1\lib\site-packages\django\template\loader_tags.py", line 174, in render
    return compiled_parent._render(context)
  File "B:\code\fullstack\blog_system\blog_project_1\lib\site-packages\django\template\base.py", line 199, in _render
    return self.nodelist.render(context)
  File "B:\code\fullstack\blog_system\blog_project_1\lib\site-packages\django\template\base.py", line 994, in render
    bit = node.render_annotated(context)
  File "B:\code\fullstack\blog_system\blog_project_1\lib\site-packages\django\template\base.py", line 961, in render_annotated
    return self.render(context)
  File "B:\code\fullstack\blog_system\blog_project_1\lib\site-packages\django\template\loader_tags.py", line 70, in render
    result = block.nodelist.render(context)
  File "B:\code\fullstack\blog_system\blog_project_1\lib\site-packages\django\template\base.py", line 994, in render
    bit = node.render_annotated(context)
  File "B:\code\fullstack\blog_system\blog_project_1\lib\site-packages\django\template\base.py", line 961, in render_annotated
    return self.render(context)
  File "B:\code\fullstack\blog_system\blog_project_1\lib\site-packages\django\template\defaulttags.py", line 209, in render
    nodelist.append(node.render_annotated(context))
  File "B:\code\fullstack\blog_system\blog_project_1\lib\site-packages\django\template\base.py", line 961, in render_annotated
    return self.render(context)
  File "B:\code\fullstack\blog_system\blog_project_1\lib\site-packages\django\template\base.py", line 1044, in render
    output = self.filter_expression.resolve(context)
  File "B:\code\fullstack\blog_system\blog_project_1\lib\site-packages\django\template\base.py", line 711, in resolve
    obj = self.var.resolve(context)
  File "B:\code\fullstack\blog_system\blog_project_1\lib\site-packages\django\template\base.py", line 852, in resolve
    value = self._resolve_lookup(context)
  File "B:\code\fullstack\blog_system\blog_project_1\lib\site-packages\django\template\base.py", line 915, in _resolve_lookup
    current = current()
  File "B:\code\fullstack\blog_system\blog_project_1\lib\site-packages\django\db\models\__init__.py", line 44, in inner
    return reverse(bits[0], None, *bits[1:3])
  File "B:\code\fullstack\blog_system\blog_project_1\lib\site-packages\django\urls\base.py", line 91, in reverse
    return force_text(iri_to_uri(resolver._reverse_with_prefix(view, prefix, *args, **kwargs)))
  File "B:\code\fullstack\blog_system\blog_project_1\lib\site-packages\django\urls\resolvers.py", line 392, in _reverse_with_prefix
    (lookup_view_s, args, kwargs, len(patterns), patterns)
NoReverseMatch: Reverse for 'view_blog_post' with arguments '()' and keyword arguments '{u'slug': u'word'}' not found. 1 pattern(s) tried: ['blog/(?P<slug>).html']
2016-11-21 09:21:05,540 [Thread-3:18088] [django.request:152] [base:get_response] [WARNING]- Not Found: /favicon.ico
2016-11-21 09:21:05,561 [Thread-4:20028] [django.request:152] [base:get_response] [WARNING]- Not Found: /favicon.ico
2016-11-21 09:22:18,861 [Thread-2:8356] [django.request:124] [exception:handle_uncaught_exception] [ERROR]- Internal Server Error: /
Traceback (most recent call last):
  File "B:\code\fullstack\blog_system\blog_project_1\lib\site-packages\django\core\handlers\exception.py", line 39, in inner
    response = get_response(request)
  File "B:\code\fullstack\blog_system\blog_project_1\lib\site-packages\django\core\handlers\base.py", line 187, in _get_response
    response = self.process_exception_by_middleware(e, request)
  File "B:\code\fullstack\blog_system\blog_project_1\lib\site-packages\django\core\handlers\base.py", line 185, in _get_response
    response = wrapped_callback(request, *callback_args, **callback_kwargs)
  File "C:\Users\xxf\PycharmProjects\blog_project\blog\views.py", line 8, in index
    return render_to_response('index.html',{'posts':Blogpost.objects.all()[:5]})
  File "B:\code\fullstack\blog_system\blog_project_1\lib\site-packages\django\shortcuts.py", line 21, in render_to_response
    content = loader.render_to_string(template_name, context, using=using)
  File "B:\code\fullstack\blog_system\blog_project_1\lib\site-packages\django\template\loader.py", line 68, in render_to_string
    return template.render(context, request)
  File "B:\code\fullstack\blog_system\blog_project_1\lib\site-packages\django\template\backends\django.py", line 66, in render
    return self.template.render(context)
  File "B:\code\fullstack\blog_system\blog_project_1\lib\site-packages\django\template\base.py", line 208, in render
    return self._render(context)
  File "B:\code\fullstack\blog_system\blog_project_1\lib\site-packages\django\template\base.py", line 199, in _render
    return self.nodelist.render(context)
  File "B:\code\fullstack\blog_system\blog_project_1\lib\site-packages\django\template\base.py", line 994, in render
    bit = node.render_annotated(context)
  File "B:\code\fullstack\blog_system\blog_project_1\lib\site-packages\django\template\base.py", line 961, in render_annotated
    return self.render(context)
  File "B:\code\fullstack\blog_system\blog_project_1\lib\site-packages\django\template\loader_tags.py", line 174, in render
    return compiled_parent._render(context)
  File "B:\code\fullstack\blog_system\blog_project_1\lib\site-packages\django\template\base.py", line 199, in _render
    return self.nodelist.render(context)
  File "B:\code\fullstack\blog_system\blog_project_1\lib\site-packages\django\template\base.py", line 994, in render
    bit = node.render_annotated(context)
  File "B:\code\fullstack\blog_system\blog_project_1\lib\site-packages\django\template\base.py", line 961, in render_annotated
    return self.render(context)
  File "B:\code\fullstack\blog_system\blog_project_1\lib\site-packages\django\template\loader_tags.py", line 70, in render
    result = block.nodelist.render(context)
  File "B:\code\fullstack\blog_system\blog_project_1\lib\site-packages\django\template\base.py", line 994, in render
    bit = node.render_annotated(context)
  File "B:\code\fullstack\blog_system\blog_project_1\lib\site-packages\django\template\base.py", line 961, in render_annotated
    return self.render(context)
  File "B:\code\fullstack\blog_system\blog_project_1\lib\site-packages\django\template\defaulttags.py", line 209, in render
    nodelist.append(node.render_annotated(context))
  File "B:\code\fullstack\blog_system\blog_project_1\lib\site-packages\django\template\base.py", line 961, in render_annotated
    return self.render(context)
  File "B:\code\fullstack\blog_system\blog_project_1\lib\site-packages\django\template\base.py", line 1044, in render
    output = self.filter_expression.resolve(context)
  File "B:\code\fullstack\blog_system\blog_project_1\lib\site-packages\django\template\base.py", line 711, in resolve
    obj = self.var.resolve(context)
  File "B:\code\fullstack\blog_system\blog_project_1\lib\site-packages\django\template\base.py", line 852, in resolve
    value = self._resolve_lookup(context)
  File "B:\code\fullstack\blog_system\blog_project_1\lib\site-packages\django\template\base.py", line 915, in _resolve_lookup
    current = current()
  File "B:\code\fullstack\blog_system\blog_project_1\lib\site-packages\django\db\models\__init__.py", line 44, in inner
    return reverse(bits[0], None, *bits[1:3])
  File "B:\code\fullstack\blog_system\blog_project_1\lib\site-packages\django\urls\base.py", line 91, in reverse
    return force_text(iri_to_uri(resolver._reverse_with_prefix(view, prefix, *args, **kwargs)))
  File "B:\code\fullstack\blog_system\blog_project_1\lib\site-packages\django\urls\resolvers.py", line 392, in _reverse_with_prefix
    (lookup_view_s, args, kwargs, len(patterns), patterns)
NoReverseMatch: Reverse for 'view_blog_post' with arguments '()' and keyword arguments '{u'slug': u'word'}' not found. 1 pattern(s) tried: ['blog/(?P<slug>[^\\.]).html']
2016-11-21 09:22:21,099 [Thread-3:5068] [django.request:124] [exception:handle_uncaught_exception] [ERROR]- Internal Server Error: /
Traceback (most recent call last):
  File "B:\code\fullstack\blog_system\blog_project_1\lib\site-packages\django\core\handlers\exception.py", line 39, in inner
    response = get_response(request)
  File "B:\code\fullstack\blog_system\blog_project_1\lib\site-packages\django\core\handlers\base.py", line 187, in _get_response
    response = self.process_exception_by_middleware(e, request)
  File "B:\code\fullstack\blog_system\blog_project_1\lib\site-packages\django\core\handlers\base.py", line 185, in _get_response
    response = wrapped_callback(request, *callback_args, **callback_kwargs)
  File "C:\Users\xxf\PycharmProjects\blog_project\blog\views.py", line 8, in index
    return render_to_response('index.html',{'posts':Blogpost.objects.all()[:5]})
  File "B:\code\fullstack\blog_system\blog_project_1\lib\site-packages\django\shortcuts.py", line 21, in render_to_response
    content = loader.render_to_string(template_name, context, using=using)
  File "B:\code\fullstack\blog_system\blog_project_1\lib\site-packages\django\template\loader.py", line 68, in render_to_string
    return template.render(context, request)
  File "B:\code\fullstack\blog_system\blog_project_1\lib\site-packages\django\template\backends\django.py", line 66, in render
    return self.template.render(context)
  File "B:\code\fullstack\blog_system\blog_project_1\lib\site-packages\django\template\base.py", line 208, in render
    return self._render(context)
  File "B:\code\fullstack\blog_system\blog_project_1\lib\site-packages\django\template\base.py", line 199, in _render
    return self.nodelist.render(context)
  File "B:\code\fullstack\blog_system\blog_project_1\lib\site-packages\django\template\base.py", line 994, in render
    bit = node.render_annotated(context)
  File "B:\code\fullstack\blog_system\blog_project_1\lib\site-packages\django\template\base.py", line 961, in render_annotated
    return self.render(context)
  File "B:\code\fullstack\blog_system\blog_project_1\lib\site-packages\django\template\loader_tags.py", line 174, in render
    return compiled_parent._render(context)
  File "B:\code\fullstack\blog_system\blog_project_1\lib\site-packages\django\template\base.py", line 199, in _render
    return self.nodelist.render(context)
  File "B:\code\fullstack\blog_system\blog_project_1\lib\site-packages\django\template\base.py", line 994, in render
    bit = node.render_annotated(context)
  File "B:\code\fullstack\blog_system\blog_project_1\lib\site-packages\django\template\base.py", line 961, in render_annotated
    return self.render(context)
  File "B:\code\fullstack\blog_system\blog_project_1\lib\site-packages\django\template\loader_tags.py", line 70, in render
    result = block.nodelist.render(context)
  File "B:\code\fullstack\blog_system\blog_project_1\lib\site-packages\django\template\base.py", line 994, in render
    bit = node.render_annotated(context)
  File "B:\code\fullstack\blog_system\blog_project_1\lib\site-packages\django\template\base.py", line 961, in render_annotated
    return self.render(context)
  File "B:\code\fullstack\blog_system\blog_project_1\lib\site-packages\django\template\defaulttags.py", line 209, in render
    nodelist.append(node.render_annotated(context))
  File "B:\code\fullstack\blog_system\blog_project_1\lib\site-packages\django\template\base.py", line 961, in render_annotated
    return self.render(context)
  File "B:\code\fullstack\blog_system\blog_project_1\lib\site-packages\django\template\base.py", line 1044, in render
    output = self.filter_expression.resolve(context)
  File "B:\code\fullstack\blog_system\blog_project_1\lib\site-packages\django\template\base.py", line 711, in resolve
    obj = self.var.resolve(context)
  File "B:\code\fullstack\blog_system\blog_project_1\lib\site-packages\django\template\base.py", line 852, in resolve
    value = self._resolve_lookup(context)
  File "B:\code\fullstack\blog_system\blog_project_1\lib\site-packages\django\template\base.py", line 915, in _resolve_lookup
    current = current()
  File "B:\code\fullstack\blog_system\blog_project_1\lib\site-packages\django\db\models\__init__.py", line 44, in inner
    return reverse(bits[0], None, *bits[1:3])
  File "B:\code\fullstack\blog_system\blog_project_1\lib\site-packages\django\urls\base.py", line 91, in reverse
    return force_text(iri_to_uri(resolver._reverse_with_prefix(view, prefix, *args, **kwargs)))
  File "B:\code\fullstack\blog_system\blog_project_1\lib\site-packages\django\urls\resolvers.py", line 392, in _reverse_with_prefix
    (lookup_view_s, args, kwargs, len(patterns), patterns)
NoReverseMatch: Reverse for 'view_blog_post' with arguments '()' and keyword arguments '{u'slug': u'word'}' not found. 1 pattern(s) tried: ['blog/(?P<slug>[^\\.]).html']
2016-11-21 09:53:25,052 [Thread-2:27500] [django.request:124] [exception:handle_uncaught_exception] [ERROR]- Internal Server Error: /
Traceback (most recent call last):
  File "B:\code\fullstack\blog_system\blog_project_1\lib\site-packages\django\core\handlers\exception.py", line 39, in inner
    response = get_response(request)
  File "B:\code\fullstack\blog_system\blog_project_1\lib\site-packages\django\core\handlers\base.py", line 187, in _get_response
    response = self.process_exception_by_middleware(e, request)
  File "B:\code\fullstack\blog_system\blog_project_1\lib\site-packages\django\core\handlers\base.py", line 185, in _get_response
    response = wrapped_callback(request, *callback_args, **callback_kwargs)
  File "C:\Users\xxf\PycharmProjects\blog_project\blog\views.py", line 9, in index
    return render_to_response('index.html',{'posts':Blogpost.objects.all()[:5]})
  File "B:\code\fullstack\blog_system\blog_project_1\lib\site-packages\django\shortcuts.py", line 21, in render_to_response
    content = loader.render_to_string(template_name, context, using=using)
  File "B:\code\fullstack\blog_system\blog_project_1\lib\site-packages\django\template\loader.py", line 68, in render_to_string
    return template.render(context, request)
  File "B:\code\fullstack\blog_system\blog_project_1\lib\site-packages\django\template\backends\django.py", line 66, in render
    return self.template.render(context)
  File "B:\code\fullstack\blog_system\blog_project_1\lib\site-packages\django\template\base.py", line 208, in render
    return self._render(context)
  File "B:\code\fullstack\blog_system\blog_project_1\lib\site-packages\django\template\base.py", line 199, in _render
    return self.nodelist.render(context)
  File "B:\code\fullstack\blog_system\blog_project_1\lib\site-packages\django\template\base.py", line 994, in render
    bit = node.render_annotated(context)
  File "B:\code\fullstack\blog_system\blog_project_1\lib\site-packages\django\template\base.py", line 961, in render_annotated
    return self.render(context)
  File "B:\code\fullstack\blog_system\blog_project_1\lib\site-packages\django\template\loader_tags.py", line 174, in render
    return compiled_parent._render(context)
  File "B:\code\fullstack\blog_system\blog_project_1\lib\site-packages\django\template\base.py", line 199, in _render
    return self.nodelist.render(context)
  File "B:\code\fullstack\blog_system\blog_project_1\lib\site-packages\django\template\base.py", line 994, in render
    bit = node.render_annotated(context)
  File "B:\code\fullstack\blog_system\blog_project_1\lib\site-packages\django\template\base.py", line 961, in render_annotated
    return self.render(context)
  File "B:\code\fullstack\blog_system\blog_project_1\lib\site-packages\django\template\loader_tags.py", line 70, in render
    result = block.nodelist.render(context)
  File "B:\code\fullstack\blog_system\blog_project_1\lib\site-packages\django\template\base.py", line 994, in render
    bit = node.render_annotated(context)
  File "B:\code\fullstack\blog_system\blog_project_1\lib\site-packages\django\template\base.py", line 961, in render_annotated
    return self.render(context)
  File "B:\code\fullstack\blog_system\blog_project_1\lib\site-packages\django\template\defaulttags.py", line 209, in render
    nodelist.append(node.render_annotated(context))
  File "B:\code\fullstack\blog_system\blog_project_1\lib\site-packages\django\template\base.py", line 961, in render_annotated
    return self.render(context)
  File "B:\code\fullstack\blog_system\blog_project_1\lib\site-packages\django\template\base.py", line 1044, in render
    output = self.filter_expression.resolve(context)
  File "B:\code\fullstack\blog_system\blog_project_1\lib\site-packages\django\template\base.py", line 711, in resolve
    obj = self.var.resolve(context)
  File "B:\code\fullstack\blog_system\blog_project_1\lib\site-packages\django\template\base.py", line 852, in resolve
    value = self._resolve_lookup(context)
  File "B:\code\fullstack\blog_system\blog_project_1\lib\site-packages\django\template\base.py", line 915, in _resolve_lookup
    current = current()
  File "B:\code\fullstack\blog_system\blog_project_1\lib\site-packages\django\db\models\__init__.py", line 44, in inner
    return reverse(bits[0], None, *bits[1:3])
  File "B:\code\fullstack\blog_system\blog_project_1\lib\site-packages\django\urls\base.py", line 91, in reverse
    return force_text(iri_to_uri(resolver._reverse_with_prefix(view, prefix, *args, **kwargs)))
  File "B:\code\fullstack\blog_system\blog_project_1\lib\site-packages\django\urls\resolvers.py", line 392, in _reverse_with_prefix
    (lookup_view_s, args, kwargs, len(patterns), patterns)
NoReverseMatch: Reverse for 'view_blog_post' with arguments '()' and keyword arguments '{u'slug': u'word'}' not found. 0 pattern(s) tried: []
